Command line:
   half_tb_isim_beh.exe
     -simmode  gui
     -simrunnum  0
     -socket  57010

Tue Sep 17 23:28:57 2024


 Elaboration Time: 0.078125 sec

 Current Memory Usage: 5151.15 Meg

 Total Signals          : 19
 Total Nets             : 17
 Total Signal Drivers   : 9
 Total Blocks           : 3
 Total Primitive Blocks : 2
 Total Processes        : 11
 Total Traceable Variables  : 20
 Total Scalar Nets and Variables : 99
Total Line Count : 19

 Total Simulation Time: 0.09375 sec

 Current Memory Usage: 5465.72 Meg

Tue Sep 17 23:29:44 2024

